TN:
SF:src/logic/get-file-display-name.ts
FN:8,getFileDisplayName
FNF:1
FNH:1
FNDA:3,getFileDisplayName
DA:1,1
DA:2,1
DA:3,1
DA:4,1
DA:5,1
DA:6,1
DA:7,1
DA:8,1
DA:9,3
DA:10,3
DA:11,3
DA:12,1
DA:13,3
DA:14,2
DA:15,2
DA:16,3
LF:16
LH:16
BRDA:8,0,0,3
BRDA:11,1,0,2
BRDA:11,2,0,1
BRDA:13,3,0,2
BRF:4
BRH:4
end_of_record
TN:
SF:src/logic/get-priority-by-name.ts
FN:8,getPriorityByName
FNF:1
FNH:1
FNDA:3,getPriorityByName
DA:1,1
DA:2,1
DA:3,1
DA:4,1
DA:5,1
DA:6,1
DA:7,1
DA:8,1
DA:9,3
DA:10,3
DA:11,3
DA:12,3
DA:13,3
DA:14,3
DA:15,3
DA:16,3
DA:17,5
DA:18,2
DA:19,2
DA:20,5
DA:21,1
DA:22,1
DA:23,1
LF:23
LH:23
BRDA:8,0,0,3
BRDA:16,1,0,5
BRDA:17,2,0,2
BRDA:20,3,0,1
BRF:4
BRH:4
end_of_record
TN:
SF:src/logic/get-state-by-name.ts
FN:8,getStateByName
FNF:1
FNH:1
FNDA:4,getStateByName
DA:1,1
DA:2,1
DA:3,1
DA:4,1
DA:5,1
DA:6,1
DA:7,1
DA:8,1
DA:9,4
DA:10,4
DA:11,4
DA:12,4
DA:13,4
DA:14,4
DA:15,9
DA:16,3
DA:17,3
DA:18,9
DA:19,1
DA:20,1
DA:21,1
LF:21
LH:21
BRDA:8,0,0,4
BRDA:14,1,0,9
BRDA:15,2,0,3
BRDA:18,3,0,1
BRF:4
BRH:4
end_of_record
TN:
SF:src/logic/offset-state.ts
FN:9,offsetState
FNF:1
FNH:1
FNDA:6,offsetState
DA:1,1
DA:2,1
DA:3,1
DA:4,1
DA:5,1
DA:6,1
DA:7,1
DA:8,1
DA:9,1
DA:10,6
DA:11,6
DA:12,6
DA:13,6
DA:14,6
DA:15,4
DA:16,4
DA:17,4
DA:18,2
DA:19,2
DA:20,2
DA:21,4
DA:22,4
DA:23,4
DA:24,4
DA:25,6
DA:26,2
DA:27,1
DA:28,1
DA:29,1
DA:30,1
DA:31,2
DA:32,6
DA:33,6
LF:33
LH:33
BRDA:9,0,0,6
BRDA:14,1,0,4
BRDA:17,2,0,2
BRDA:18,3,0,0
BRDA:19,4,0,1
BRDA:25,5,0,2
BRDA:26,6,0,1
BRDA:15,7,0,8
BRF:8
BRH:7
end_of_record
TN:
SF:src/types/folder-settings_0_1_2.ts
FNF:0
FNH:0
DA:1,1
DA:2,1
DA:3,1
DA:4,1
DA:5,1
DA:6,1
DA:7,1
DA:8,1
DA:9,1
DA:10,1
DA:11,1
LF:11
LH:11
BRF:0
BRH:0
end_of_record
TN:
SF:src/types/migration-helpers.ts
FN:4,findItemByProperty
FNF:1
FNH:1
FNDA:70,findItemByProperty
DA:1,1
DA:2,1
DA:3,1
DA:4,1
DA:5,70
DA:6,70
DA:7,70
LF:7
LH:7
BRDA:4,0,0,70
BRDA:6,1,0,180
BRF:2
BRH:2
end_of_record
TN:
SF:src/types/plugin-settings-migrations.ts
FN:12,migrateOutdatedSettings
FN:31,migrate_0_0_4_to_0_0_5
FN:62,getStateDefaultView_0_0_5
FN:72,migrate_0_0_5_to_0_1_0
FN:121,migrate_0_1_0_to_0_3_0
FNF:5
FNH:5
FNDA:1,migrateOutdatedSettings
FNDA:1,migrate_0_0_4_to_0_0_5
FNDA:7,getStateDefaultView_0_0_5
FNDA:2,migrate_0_0_5_to_0_1_0
FNDA:2,migrate_0_1_0_to_0_3_0
DA:1,1
DA:2,1
DA:3,1
DA:4,1
DA:5,1
DA:6,1
DA:7,1
DA:8,1
DA:9,1
DA:10,1
DA:11,1
DA:12,1
DA:13,1
DA:14,1
DA:15,1
DA:16,1
DA:17,1
DA:18,1
DA:19,1
DA:20,1
DA:21,1
DA:22,1
DA:23,1
DA:24,1
DA:25,1
DA:26,1
DA:27,1
DA:28,1
DA:29,1
DA:30,1
DA:31,1
DA:32,1
DA:33,1
DA:34,1
DA:35,1
DA:36,1
DA:37,1
DA:38,1
DA:39,1
DA:40,1
DA:41,1
DA:42,1
DA:43,1
DA:44,1
DA:45,1
DA:46,1
DA:47,1
DA:48,5
DA:49,5
DA:50,1
DA:51,1
DA:52,2
DA:53,2
DA:54,1
DA:55,1
DA:56,1
DA:57,1
DA:58,1
DA:59,1
DA:60,1
DA:61,1
DA:62,7
DA:63,7
DA:64,7
DA:65,7
DA:66,7
DA:67,7
DA:68,7
DA:69,1
DA:70,1
DA:71,1
DA:72,1
DA:73,2
DA:74,2
DA:75,2
DA:76,2
DA:77,2
DA:78,2
DA:79,2
DA:80,2
DA:81,2
DA:82,2
DA:83,2
DA:84,2
DA:85,2
DA:86,2
DA:87,2
DA:88,2
DA:89,2
DA:90,2
DA:91,2
DA:92,2
DA:93,2
DA:94,2
DA:95,10
DA:96,10
DA:97,10
DA:98,2
DA:99,2
DA:100,4
DA:101,4
DA:102,4
DA:103,2
DA:104,2
DA:105,2
DA:106,2
DA:107,2
DA:108,2
DA:109,2
DA:110,2
DA:111,2
DA:112,2
DA:113,2
DA:114,2
DA:115,2
DA:116,2
DA:117,2
DA:118,1
DA:119,1
DA:120,1
DA:121,1
DA:122,2
DA:123,2
DA:124,2
DA:125,2
DA:126,2
DA:127,2
DA:128,2
DA:129,2
DA:130,2
DA:131,2
DA:132,2
DA:133,2
DA:134,2
DA:135,2
DA:136,10
DA:137,10
DA:138,10
DA:139,10
DA:140,10
DA:141,10
DA:142,10
DA:143,10
DA:144,10
DA:145,10
DA:146,10
DA:147,2
DA:148,2
DA:149,4
DA:150,4
DA:151,4
DA:152,4
DA:153,4
DA:154,4
DA:155,4
DA:156,4
DA:157,4
DA:158,4
DA:159,4
DA:160,2
DA:161,2
DA:162,2
DA:163,2
DA:164,2
DA:165,2
DA:166,2
DA:167,2
DA:168,2
DA:169,2
DA:170,2
DA:171,2
DA:172,2
DA:173,2
DA:174,2
DA:175,2
DA:176,2
DA:177,2
LF:177
LH:177
BRDA:12,0,0,1
BRDA:15,1,0,0
BRDA:31,2,0,1
BRDA:47,3,0,5
BRDA:51,4,0,2
BRDA:62,5,0,7
BRDA:64,6,0,28
BRDA:72,7,0,2
BRDA:94,8,0,10
BRDA:99,9,0,4
BRDA:121,10,0,2
BRDA:135,11,0,10
BRDA:141,12,0,5
BRDA:142,13,0,0
BRDA:143,14,0,0
BRDA:144,15,0,0
BRDA:145,16,0,0
BRDA:148,17,0,4
BRDA:154,18,0,2
BRDA:155,19,0,0
BRDA:156,20,0,0
BRDA:157,21,0,0
BRDA:158,22,0,0
BRF:23
BRH:14
end_of_record
TN:
SF:src/types/plugin-settings_0_0_4.ts
FNF:0
FNH:0
DA:1,1
DA:2,1
DA:3,1
DA:4,1
DA:5,1
DA:6,1
DA:7,1
DA:8,1
DA:9,1
DA:10,1
DA:11,1
DA:12,1
DA:13,1
DA:14,1
DA:15,1
DA:16,1
DA:17,1
DA:18,1
DA:19,1
DA:20,1
DA:21,1
DA:22,1
DA:23,1
DA:24,1
DA:25,1
DA:26,1
DA:27,1
DA:28,1
DA:29,1
DA:30,1
DA:31,1
DA:32,1
DA:33,1
DA:34,1
DA:35,1
DA:36,1
LF:36
LH:36
BRF:0
BRH:0
end_of_record
TN:
SF:src/types/plugin-settings_0_0_5.ts
FNF:0
FNH:0
DA:1,1
DA:2,1
DA:3,1
DA:4,1
DA:5,1
DA:6,1
DA:7,1
DA:8,1
DA:9,1
DA:10,1
DA:11,1
DA:12,1
DA:13,1
DA:14,1
DA:15,1
DA:16,1
DA:17,1
DA:18,1
DA:19,1
DA:20,1
DA:21,1
DA:22,1
DA:23,1
DA:24,1
DA:25,1
DA:26,1
DA:27,1
DA:28,1
DA:29,1
DA:30,1
DA:31,1
DA:32,1
DA:33,1
DA:34,1
DA:35,1
DA:36,1
DA:37,1
DA:38,1
DA:39,1
DA:40,1
DA:41,1
DA:42,1
DA:43,1
DA:44,1
DA:45,1
DA:46,1
DA:47,1
DA:48,1
DA:49,1
DA:50,1
DA:51,1
DA:52,1
DA:53,1
DA:54,1
DA:55,1
DA:56,1
DA:57,1
DA:58,1
DA:59,1
DA:60,1
DA:61,1
DA:62,1
DA:63,1
DA:64,1
DA:65,1
DA:66,1
DA:67,1
DA:68,1
DA:69,1
DA:70,1
DA:71,1
DA:72,1
DA:73,1
DA:74,1
DA:75,1
DA:76,1
DA:77,1
DA:78,1
DA:79,1
DA:80,1
DA:81,1
DA:82,1
DA:83,1
DA:84,1
DA:85,1
DA:86,1
DA:87,1
DA:88,1
DA:89,1
DA:90,1
DA:91,1
DA:92,1
LF:92
LH:92
BRF:0
BRH:0
end_of_record
TN:
SF:src/types/plugin-settings_0_1_0.ts
FNF:0
FNH:0
DA:1,1
DA:2,1
DA:3,1
DA:4,1
DA:5,1
DA:6,1
DA:7,1
DA:8,1
DA:9,1
DA:10,1
DA:11,1
DA:12,1
DA:13,1
DA:14,1
DA:15,1
DA:16,1
DA:17,1
DA:18,1
DA:19,1
DA:20,1
DA:21,1
DA:22,1
DA:23,1
DA:24,1
DA:25,1
DA:26,1
DA:27,1
DA:28,1
DA:29,1
DA:30,1
DA:31,1
DA:32,1
DA:33,1
DA:34,1
DA:35,1
DA:36,1
DA:37,1
DA:38,1
DA:39,1
DA:40,1
DA:41,1
DA:42,1
DA:43,1
DA:44,1
DA:45,1
DA:46,1
DA:47,1
DA:48,1
DA:49,1
DA:50,1
DA:51,1
DA:52,1
DA:53,1
DA:54,1
DA:55,1
DA:56,1
DA:57,1
DA:58,1
DA:59,1
DA:60,1
DA:61,1
DA:62,1
DA:63,1
DA:64,1
DA:65,1
DA:66,1
DA:67,1
DA:68,1
DA:69,1
DA:70,1
DA:71,1
DA:72,1
DA:73,1
DA:74,1
DA:75,1
DA:76,1
DA:77,1
DA:78,1
DA:79,1
DA:80,1
DA:81,1
DA:82,1
DA:83,1
DA:84,1
DA:85,1
DA:86,1
DA:87,1
DA:88,1
DA:89,1
DA:90,1
DA:91,1
DA:92,1
DA:93,1
DA:94,1
DA:95,1
DA:96,1
DA:97,1
DA:98,1
DA:99,1
DA:100,1
DA:101,1
DA:102,1
DA:103,1
DA:104,1
DA:105,1
DA:106,1
DA:107,1
DA:108,1
DA:109,1
DA:110,1
DA:111,1
DA:112,1
DA:113,1
LF:113
LH:113
BRF:0
BRH:0
end_of_record
TN:
SF:src/types/plugin-settings_0_3_0.ts
FNF:0
FNH:0
DA:1,1
DA:2,1
DA:3,1
DA:4,1
DA:5,1
DA:6,1
DA:7,1
DA:8,1
DA:9,1
DA:10,1
DA:11,1
DA:12,1
DA:13,1
DA:14,1
DA:15,1
DA:16,1
DA:17,1
DA:18,1
DA:19,1
DA:20,1
DA:21,1
DA:22,1
DA:23,1
DA:24,1
DA:25,1
DA:26,1
DA:27,1
DA:28,1
DA:29,1
DA:30,1
DA:31,1
DA:32,1
DA:33,1
DA:34,1
DA:35,1
DA:36,1
DA:37,1
DA:38,1
DA:39,1
DA:40,1
DA:41,1
DA:42,1
DA:43,1
DA:44,1
DA:45,1
DA:46,1
DA:47,1
DA:48,1
DA:49,1
DA:50,1
DA:51,1
DA:52,1
DA:53,1
DA:54,1
DA:55,1
DA:56,1
DA:57,1
DA:58,1
DA:59,1
DA:60,1
DA:61,1
DA:62,1
DA:63,1
DA:64,1
DA:65,1
DA:66,1
DA:67,1
DA:68,1
DA:69,1
DA:70,1
DA:71,1
DA:72,1
DA:73,1
DA:74,1
DA:75,1
DA:76,1
DA:77,1
DA:78,1
DA:79,1
DA:80,1
DA:81,1
DA:82,1
DA:83,1
DA:84,1
DA:85,1
DA:86,1
DA:87,1
DA:88,1
DA:89,1
DA:90,1
DA:91,1
DA:92,1
DA:93,1
DA:94,1
DA:95,1
DA:96,1
DA:97,1
DA:98,1
DA:99,1
DA:100,1
DA:101,1
DA:102,1
DA:103,1
DA:104,1
DA:105,1
DA:106,1
DA:107,1
DA:108,1
DA:109,1
DA:110,1
DA:111,1
DA:112,1
DA:113,1
DA:114,1
DA:115,1
DA:116,1
DA:117,1
DA:118,1
DA:119,1
DA:120,1
DA:121,1
DA:122,1
DA:123,1
DA:124,1
DA:125,1
DA:126,1
DA:127,1
DA:128,1
DA:129,1
DA:130,1
DA:131,1
DA:132,1
DA:133,1
DA:134,1
DA:135,1
DA:136,1
DA:137,1
DA:138,1
DA:139,1
DA:140,1
DA:141,1
DA:142,1
DA:143,1
DA:144,1
DA:145,1
DA:146,1
DA:147,1
DA:148,1
DA:149,1
DA:150,1
DA:151,1
DA:152,1
DA:153,1
DA:154,1
DA:155,1
DA:156,1
DA:157,1
DA:158,1
DA:159,1
DA:160,1
DA:161,1
DA:162,1
DA:163,1
DA:164,1
DA:165,1
DA:166,1
DA:167,1
DA:168,1
DA:169,1
DA:170,1
DA:171,1
DA:172,1
DA:173,1
DA:174,1
DA:175,1
DA:176,1
LF:176
LH:176
BRF:0
BRH:0
end_of_record
TN:
SF:src/types/types-map.ts
FNF:0
FNH:0
DA:1,1
DA:2,1
DA:3,1
DA:4,1
DA:5,1
DA:6,1
DA:7,1
DA:8,1
DA:9,1
DA:10,1
DA:11,1
DA:12,1
DA:13,1
DA:14,1
DA:15,1
DA:16,1
DA:17,1
DA:18,1
DA:19,1
DA:20,1
DA:21,1
DA:22,1
DA:23,1
DA:24,1
DA:25,1
DA:26,1
DA:27,1
DA:28,1
DA:29,1
DA:30,1
LF:30
LH:30
BRF:0
BRH:0
end_of_record
TN:
SF:src/utils/misc.ts
FN:1,isEmpty
FNF:1
FNH:1
FNDA:3,isEmpty
DA:1,1
DA:2,3
DA:3,3
LF:3
LH:3
BRDA:1,0,0,3
BRF:1
BRH:1
end_of_record
TN:
SF:src/utils/sorting.ts
FN:8,sortItems
FN:38,sortItemsByName
FN:52,sortItemsByCreationDate
FN:71,sortItemsByModifiedDate
FN:90,sortItemsByPriority
FN:130,sortItemsByPriorityThenName
FN:136,sortItemsByPriorityThenCreationDate
FN:142,sortItemsByPriorityThenModifiedDate
FNF:8
FNH:7
FNDA:0,sortItems
FNDA:3,sortItemsByName
FNDA:2,sortItemsByCreationDate
FNDA:3,sortItemsByModifiedDate
FNDA:4,sortItemsByPriority
FNDA:1,sortItemsByPriorityThenName
FNDA:1,sortItemsByPriorityThenCreationDate
FNDA:1,sortItemsByPriorityThenModifiedDate
DA:1,1
DA:2,1
DA:3,1
DA:4,1
DA:5,1
DA:6,1
DA:7,1
DA:8,1
DA:9,0
DA:10,0
DA:11,0
DA:12,0
DA:13,0
DA:14,0
DA:15,0
DA:16,0
DA:17,0
DA:18,0
DA:19,0
DA:20,0
DA:21,0
DA:22,0
DA:23,0
DA:24,0
DA:25,0
DA:26,0
DA:27,0
DA:28,0
DA:29,0
DA:30,0
DA:31,0
DA:32,0
DA:33,0
DA:34,0
DA:35,0
DA:36,0
DA:37,1
DA:38,1
DA:39,3
DA:40,3
DA:41,3
DA:42,10
DA:43,7
DA:44,10
DA:45,3
DA:46,3
DA:47,3
DA:48,3
DA:49,3
DA:50,3
DA:51,1
DA:52,1
DA:53,2
DA:54,2
DA:55,2
DA:56,8
DA:57,6
DA:58,6
DA:59,6
DA:60,6
DA:61,6
DA:62,6
DA:63,8
DA:64,0
DA:65,0
DA:66,2
DA:67,2
DA:68,2
DA:69,2
DA:70,1
DA:71,1
DA:72,3
DA:73,3
DA:74,3
DA:75,8
DA:76,8
DA:77,8
DA:78,8
DA:79,8
DA:80,8
DA:81,2
DA:82,8
DA:83,6
DA:84,6
DA:85,3
DA:86,3
DA:87,3
DA:88,3
DA:89,1
DA:90,1
DA:91,4
DA:92,4
DA:93,4
DA:94,14
DA:95,14
DA:96,12
DA:97,12
DA:98,12
DA:99,12
DA:100,14
DA:101,2
DA:102,2
DA:103,1
DA:104,1
DA:105,1
DA:106,1
DA:107,2
DA:108,10
DA:109,14
DA:110,7
DA:111,7
DA:112,3
DA:113,7
DA:114,4
DA:115,4
DA:116,7
DA:117,3
DA:118,14
DA:119,3
DA:120,3
DA:121,1
DA:122,3
DA:123,0
DA:124,0
DA:125,4
DA:126,4
DA:127,4
DA:128,4
DA:129,1
DA:130,1
DA:131,1
DA:132,1
DA:133,1
DA:134,1
DA:135,1
DA:136,1
DA:137,1
DA:138,1
DA:139,1
DA:140,1
DA:141,1
DA:142,1
DA:143,1
DA:144,1
DA:145,1
DA:146,1
LF:146
LH:114
BRDA:38,0,0,3
BRDA:41,1,0,10
BRDA:42,2,0,7
BRDA:44,3,0,3
BRDA:52,4,0,2
BRDA:55,5,0,8
BRDA:56,6,0,2
BRDA:56,7,0,6
BRDA:63,8,0,0
BRDA:71,9,0,3
BRDA:74,10,0,8
BRDA:75,11,0,0
BRDA:80,12,0,2
BRDA:82,13,0,6
BRDA:90,14,0,4
BRDA:93,15,0,14
BRDA:95,16,0,2
BRDA:95,17,0,12
BRDA:100,18,0,5
BRDA:100,19,0,2
BRDA:102,20,0,1
BRDA:107,21,0,10
BRDA:109,22,0,7
BRDA:109,23,0,7
BRDA:111,24,0,3
BRDA:113,25,0,4
BRDA:116,26,0,3
BRDA:118,27,0,3
BRDA:119,28,0,0
BRDA:120,29,0,2
BRDA:120,30,0,2
BRDA:121,31,0,1
BRDA:122,32,0,0
BRDA:130,33,0,1
BRDA:136,34,0,1
BRDA:142,35,0,1
BRF:36
BRH:32
end_of_record
TN:
SF:src/utils/string-processes.ts
FN:10,singleOrPlural
FN:35,sanitizeFileFolderName
FN:43,sanitizeInternalLinkName
FN:55,folderPathSanitize
FN:69,getFileExtension
FN:85,removeExtension
FN:102,getNameAndExt
FN:125,toSentenceCase
FN:131,parseFilepath
FN:154,trimFilenameExt
FN:167,removeFrontmatter
FN:173,removeCodeBlocks
FN:183,removeXmlTags
FN:190,simplifyWhiteSpace
FN:211,removeHeaders
FN:214,removeBold
FN:217,removeItalic
FN:220,removeStrikethrough
FN:223,removeInlineCode
FN:226,removeImages
FN:229,removeLinks
FN:232,removeBlockquotes
FN:235,removeLists
FN:238,removeHorizontalRules
FN:244,removeInternalLinks
FN:247,removeCallouts
FN:251,removeTags
FN:254,removeHighlighting
FN:257,removeComments
FN:261,removeEscapeCharacters
FN:266,removeMarkdownCharacters
FNF:31
FNH:31
FNDA:7,singleOrPlural
FNDA:28,sanitizeFileFolderName
FNDA:11,sanitizeInternalLinkName
FNDA:5,folderPathSanitize
FNDA:6,getFileExtension
FNDA:7,removeExtension
FNDA:13,getNameAndExt
FNDA:6,toSentenceCase
FNDA:9,parseFilepath
FNDA:6,trimFilenameExt
FNDA:6,removeFrontmatter
FNDA:7,removeCodeBlocks
FNDA:7,removeXmlTags
FNDA:8,simplifyWhiteSpace
FNDA:22,removeHeaders
FNDA:22,removeBold
FNDA:22,removeItalic
FNDA:21,removeStrikethrough
FNDA:21,removeInlineCode
FNDA:22,removeImages
FNDA:22,removeLinks
FNDA:22,removeBlockquotes
FNDA:22,removeLists
FNDA:22,removeHorizontalRules
FNDA:22,removeInternalLinks
FNDA:22,removeCallouts
FNDA:21,removeTags
FNDA:21,removeHighlighting
FNDA:22,removeComments
FNDA:22,removeEscapeCharacters
FNDA:20,removeMarkdownCharacters
DA:1,1
DA:2,1
DA:3,1
DA:4,1
DA:5,1
DA:6,1
DA:7,1
DA:8,1
DA:9,1
DA:10,1
DA:11,7
DA:12,2
DA:13,7
DA:14,5
DA:15,4
DA:16,4
DA:17,5
DA:18,1
DA:19,1
DA:20,1
DA:21,5
DA:22,7
DA:23,1
DA:24,1
DA:25,1
DA:26,1
DA:27,1
DA:28,1
DA:29,1
DA:30,1
DA:31,1
DA:32,1
DA:33,1
DA:34,1
DA:35,1
DA:36,28
DA:37,28
DA:38,28
DA:39,28
DA:40,28
DA:41,28
DA:42,28
DA:43,1
DA:44,11
DA:45,11
DA:46,11
DA:47,11
DA:48,11
DA:49,11
DA:50,1
DA:51,1
DA:52,1
DA:53,1
DA:54,1
DA:55,1
DA:56,5
DA:57,5
DA:58,5
DA:59,5
DA:60,10
DA:61,10
DA:62,5
DA:63,5
DA:64,5
DA:65,1
DA:66,1
DA:67,1
DA:68,1
DA:69,1
DA:70,6
DA:71,6
DA:72,4
DA:73,4
DA:74,6
DA:75,3
DA:76,6
DA:77,1
DA:78,1
DA:79,6
DA:80,1
DA:81,1
DA:82,1
DA:83,1
DA:84,1
DA:85,1
DA:86,7
DA:87,7
DA:88,7
DA:89,7
DA:90,7
DA:91,7
DA:92,7
DA:93,7
DA:94,7
DA:95,7
DA:96,7
DA:97,1
DA:98,1
DA:99,1
DA:100,1
DA:101,1
DA:102,1
DA:103,13
DA:104,13
DA:105,13
DA:106,13
DA:107,5
DA:108,5
DA:109,5
DA:110,5
DA:111,5
DA:112,8
DA:113,8
DA:114,8
DA:115,8
DA:116,8
DA:117,8
DA:118,8
DA:119,8
DA:120,8
DA:121,1
DA:122,1
DA:123,1
DA:124,1
DA:125,1
DA:126,6
DA:127,6
DA:128,1
DA:129,1
DA:130,1
DA:131,1
DA:132,9
DA:133,9
DA:134,9
DA:135,9
DA:136,9
DA:137,9
DA:138,9
DA:139,9
DA:140,9
DA:141,9
DA:142,9
DA:143,1
DA:144,1
DA:145,9
DA:146,8
DA:147,8
DA:148,9
DA:149,9
DA:150,9
DA:151,1
DA:152,1
DA:153,1
DA:154,1
DA:155,6
DA:156,6
DA:157,6
DA:158,4
DA:159,4
DA:160,6
DA:161,6
DA:162,1
DA:163,1
DA:164,1
DA:165,1
DA:166,1
DA:167,1
DA:168,6
DA:169,6
DA:170,6
DA:171,1
DA:172,1
DA:173,1
DA:174,7
DA:175,7
DA:176,7
DA:177,7
DA:178,7
DA:179,7
DA:180,7
DA:181,1
DA:182,1
DA:183,1
DA:184,7
DA:185,7
DA:186,7
DA:187,1
DA:188,1
DA:189,1
DA:190,1
DA:191,8
DA:192,8
DA:193,8
DA:194,8
DA:195,8
DA:196,8
DA:197,8
DA:198,8
DA:199,8
DA:200,8
DA:201,1
DA:202,1
DA:203,7
DA:204,8
DA:205,0
DA:206,0
DA:207,7
DA:208,7
DA:209,1
DA:210,1
DA:211,1
DA:212,22
DA:213,22
DA:214,1
DA:215,22
DA:216,22
DA:217,1
DA:218,22
DA:219,22
DA:220,1
DA:221,21
DA:222,21
DA:223,1
DA:224,21
DA:225,21
DA:226,1
DA:227,22
DA:228,22
DA:229,1
DA:230,22
DA:231,22
DA:232,1
DA:233,22
DA:234,22
DA:235,1
DA:236,22
DA:237,22
DA:238,1
DA:239,22
DA:240,22
DA:241,22
DA:242,22
DA:243,22
DA:244,1
DA:245,22
DA:246,22
DA:247,1
DA:248,22
DA:249,22
DA:250,22
DA:251,1
DA:252,21
DA:253,21
DA:254,1
DA:255,21
DA:256,21
DA:257,1
DA:258,22
DA:259,22
DA:260,22
DA:261,1
DA:262,22
DA:263,22
DA:264,22
DA:265,1
DA:266,1
DA:267,20
DA:268,20
DA:269,20
DA:270,20
DA:271,20
DA:272,20
DA:273,20
DA:274,20
DA:275,20
DA:276,20
DA:277,20
DA:278,20
DA:279,20
DA:280,20
DA:281,20
DA:282,20
DA:283,20
DA:284,20
DA:285,20
DA:286,20
DA:287,20
DA:288,20
DA:289,20
LF:289
LH:287
BRDA:10,0,0,7
BRDA:11,1,0,6
BRDA:11,2,0,2
BRDA:13,3,0,5
BRDA:14,4,0,4
BRDA:17,5,0,1
BRDA:35,6,0,28
BRDA:43,7,0,11
BRDA:55,8,0,5
BRDA:59,9,0,10
BRDA:69,10,0,6
BRDA:71,11,0,2
BRDA:71,12,0,4
BRDA:74,13,0,3
BRDA:76,14,0,1
BRDA:85,15,0,7
BRDA:89,16,0,0
BRDA:102,17,0,13
BRDA:106,18,0,5
BRDA:111,19,0,8
BRDA:125,20,0,6
BRDA:131,21,0,9
BRDA:135,22,0,2
BRDA:137,23,0,6
BRDA:137,24,0,3
BRDA:138,25,0,6
BRDA:138,26,0,3
BRDA:142,27,0,1
BRDA:142,28,0,1
BRDA:145,29,0,8
BRDA:149,30,0,6
BRDA:149,31,0,3
BRDA:154,32,0,6
BRDA:157,33,0,4
BRDA:167,34,0,6
BRDA:173,35,0,7
BRDA:183,36,0,7
BRDA:190,37,0,8
BRDA:200,38,0,1
BRDA:202,39,0,7
BRDA:204,40,0,0
BRDA:206,41,0,7
BRDA:211,42,0,22
BRDA:214,43,0,22
BRDA:217,44,0,22
BRDA:220,45,0,21
BRDA:223,46,0,21
BRDA:226,47,0,22
BRDA:229,48,0,22
BRDA:232,49,0,22
BRDA:235,50,0,22
BRDA:238,51,0,22
BRDA:244,52,0,22
BRDA:245,53,0,5
BRDA:245,54,0,2
BRDA:245,55,0,3
BRDA:247,56,0,22
BRDA:251,57,0,21
BRDA:254,58,0,21
BRDA:257,59,0,22
BRDA:261,60,0,22
BRDA:266,61,0,20
BRF:62
BRH:60
end_of_record
